[    0.000000] Linux version 4.15.0-111-generic (buildd@lcy01-amd64-011) (gcc version 7.5.0 (Ubuntu 7.5.0-3ubuntu1~18.04)) #112-Ubuntu SMP Thu Jul 9 20:32:34 UTC 2020 (Ubuntu 4.15.0-111.112-generic 4.15.18)
[    0.000000] Command line: BOOT_IMAGE=/boot/vmlinuz-4.15.0-111-generic root=LABEL=cloudimg-rootfs ro console=tty1 console=ttyS0
[    0.000000] KERNEL supported cpus:
[    0.000000]   Intel GenuineIntel
[    0.000000]   AMD AuthenticAMD
[    0.000000]   Centaur CentaurHauls
[    0.000000] x86/fpu: Supporting XSAVE feature 0x001: 'x87 floating point registers'
[    0.000000] x86/fpu: Supporting XSAVE feature 0x002: 'SSE registers'
[    0.000000] x86/fpu: Supporting XSAVE feature 0x004: 'AVX registers'
[    0.000000] x86/fpu: xstate_offset[2]:  576, xstate_sizes[2]:  256
[    0.000000] x86/fpu: Enabled xstate features 0x7, context size is 832 bytes, using 'standard' format.
[    0.000000] e820: BIOS-provided physical RAM map:
[    0.000000] BIOS-e820: [mem 0x0000000000000000-0x000000000009fbff] usable
[    0.000000] BIOS-e820: [mem 0x000000000009fc00-0x000000000009ffff] reserved
[    0.000000] BIOS-e820: [mem 0x00000000000f0000-0x00000000000fffff] reserved
[    0.000000] BIOS-e820: [mem 0x0000000000100000-0x000000003ffeffff] usable
[    0.000000] BIOS-e820: [mem 0x000000003fff0000-0x000000003fffffff] ACPI data
[    0.000000] BIOS-e820: [mem 0x00000000fec00000-0x00000000fec00fff] reserved
[    0.000000] BIOS-e820: [mem 0x00000000fee00000-0x00000000fee00fff] reserved
[    0.000000] BIOS-e820: [mem 0x00000000fffc0000-0x00000000ffffffff] reserved
[    0.000000] NX (Execute Disable) protection: active
[    0.000000] SMBIOS 2.5 present.
[    0.000000] DMI: innotek GmbH VirtualBox/VirtualBox, BIOS VirtualBox 12/01/2006
[    0.000000] Hypervisor detected: KVM
[    0.000000] e820: last_pfn = 0x3fff0 max_arch_pfn = 0x400000000
[    0.000000] MTRR: Disabled
[    0.000000] x86/PAT: MTRRs disabled, skipping PAT initialization too.
[    0.000000] CPU MTRRs all blank - virtualized system.
[    0.000000] x86/PAT: Configuration [0-7]: WB  WT  UC- UC  WB  WT  UC- UC  
[    0.000000] found SMP MP-table at [mem 0x0009fff0-0x0009ffff]
[    0.000000] Scanning 1 areas for low memory corruption
[    0.000000] RAMDISK: [mem 0x35a67000-0x36d2afff]
[    0.000000] ACPI: Early table checksum verification disabled
[    0.000000] ACPI: RSDP 0x00000000000E0000 000024 (v02 VBOX  )
[    0.000000] ACPI: XSDT 0x000000003FFF0030 00003C (v01 VBOX   VBOXXSDT 00000001 ASL  00000061)
[    0.000000] ACPI: FACP 0x000000003FFF00F0 0000F4 (v04 VBOX   VBOXFACP 00000001 ASL  00000061)
[    0.000000] ACPI: DSDT 0x000000003FFF0470 002325 (v02 VBOX   VBOXBIOS 00000002 INTL 20100528)
[    0.000000] ACPI: FACS 0x000000003FFF0200 000040
[    0.000000] ACPI: FACS 0x000000003FFF0200 000040
[    0.000000] ACPI: APIC 0x000000003FFF0240 00005C (v02 VBOX   VBOXAPIC 00000001 ASL  00000061)
[    0.000000] ACPI: SSDT 0x000000003FFF02A0 0001CC (v01 VBOX   VBOXCPUT 00000002 INTL 20100528)
[    0.000000] No NUMA configuration found
[    0.000000] Faking a node at [mem 0x0000000000000000-0x000000003ffeffff]
[    0.000000] NODE_DATA(0) allocated [mem 0x3ffc5000-0x3ffeffff]
[    0.000000] kvm-clock: cpu 0, msr 0:3ff44001, primary cpu clock
[    0.000000] kvm-clock: Using msrs 4b564d01 and 4b564d00
[    0.000000] kvm-clock: using sched offset of 4081817885 cycles
[    0.000000] clocksource: kvm-clock: mask: 0xffffffffffffffff max_cycles: 0x1cd42e4dffb, max_idle_ns: 881590591483 ns
[    0.000000] Zone ranges:
[    0.000000]   DMA      [mem 0x0000000000001000-0x0000000000ffffff]
[    0.000000]   DMA32    [mem 0x0000000001000000-0x000000003ffeffff]
[    0.000000]   Normal   empty
[    0.000000]   Device   empty
[    0.000000] Movable zone start for each node
[    0.000000] Early memory node ranges
[    0.000000]   node   0: [mem 0x0000000000001000-0x000000000009efff]
[    0.000000]   node   0: [mem 0x0000000000100000-0x000000003ffeffff]
[    0.000000] Reserved but unavailable: 98 pages
[    0.000000] Initmem setup node 0 [mem 0x0000000000001000-0x000000003ffeffff]
[    0.000000] ACPI: PM-Timer IO Port: 0x4008
[    0.000000] IOAPIC[0]: apic_id 2, version 32, address 0xfec00000, GSI 0-23
[    0.000000] ACPI: INT_SRC_OVR (bus 0 bus_irq 0 global_irq 2 dfl dfl)
[    0.000000] ACPI: INT_SRC_OVR (bus 0 bus_irq 9 global_irq 9 low level)
[    0.000000] Using ACPI (MADT) for SMP configuration information
[    0.000000] smpboot: Allowing 2 CPUs, 0 hotplug CPUs
[    0.000000] PM: Registered nosave memory: [mem 0x00000000-0x00000fff]
[    0.000000] PM: Registered nosave memory: [mem 0x0009f000-0x0009ffff]
[    0.000000] PM: Registered nosave memory: [mem 0x000a0000-0x000effff]
[    0.000000] PM: Registered nosave memory: [mem 0x000f0000-0x000fffff]
[    0.000000] e820: [mem 0x40000000-0xfebfffff] available for PCI devices
[    0.000000] Booting paravirtualized kernel on KVM
[    0.000000] clocksource: refined-jiffies: mask: 0xffffffff max_cycles: 0xffffffff, max_idle_ns: 7645519600211568 ns
[    0.000000] random: get_random_bytes called from start_kernel+0x99/0x500 with crng_init=0
[    0.000000] setup_percpu: NR_CPUS:8192 nr_cpumask_bits:2 nr_cpu_ids:2 nr_node_ids:1
[    0.000000] percpu: Embedded 45 pages/cpu s147456 r8192 d28672 u1048576
[    0.000000] PV qspinlock hash table entries: 256 (order: 0, 4096 bytes)
[    0.000000] Built 1 zonelists, mobility grouping on.  Total pages: 257913
[    0.000000] Policy zone: DMA32
[    0.000000] Kernel command line: BOOT_IMAGE=/boot/vmlinuz-4.15.0-111-generic root=LABEL=cloudimg-rootfs ro console=tty1 console=ttyS0
[    0.000000] Memory: 983036K/1048120K available (12300K kernel code, 2481K rwdata, 4272K rodata, 2436K init, 2720K bss, 65084K reserved, 0K cma-reserved)
[    0.000000] SLUB: HWalign=64, Order=0-3, MinObjects=0, CPUs=2, Nodes=1
[    0.000000] Kernel/User page tables isolation: enabled
[    0.000000] ftrace: allocating 39378 entries in 154 pages
[    0.004000] Hierarchical RCU implementation.
[    0.004000] 	RCU restricting CPUs from NR_CPUS=8192 to nr_cpu_ids=2.
[    0.004000] 	Tasks RCU enabled.
[    0.004000] RCU: Adjusting geometry for rcu_fanout_leaf=16, nr_cpu_ids=2
[    0.004000] NR_IRQS: 524544, nr_irqs: 440, preallocated irqs: 16
[    0.004000] Console: colour VGA+ 80x25
[    0.004000] console [tty1] enabled
[    0.004000] console [ttyS0] enabled
[    0.004000] ACPI: Core revision 20170831
[    0.004000] ACPI: 2 ACPI AML tables successfully acquired and loaded
[    0.004000] APIC: Switch to symmetric I/O mode setup
[    0.004000] x2apic enabled
[    0.004000] Switched APIC routing to physical x2apic.
[    0.004000] ..TIMER: vector=0x30 apic1=0 pin1=2 apic2=-1 pin2=-1
[    0.004003] tsc: Detected 2304.000 MHz processor
[    0.004840] Calibrating delay loop (skipped) preset value.. 4608.00 BogoMIPS (lpj=9216000)
[    0.005494] pid_max: default: 32768 minimum: 301
[    0.008043] Security Framework initialized
[    0.008818] Yama: becoming mindful.
[    0.009497] AppArmor: AppArmor initialized
[    0.012000] Dentry cache hash table entries: 131072 (order: 8, 1048576 bytes)
[    0.012050] Inode-cache hash table entries: 65536 (order: 7, 524288 bytes)
[    0.013398] Mount-cache hash table entries: 2048 (order: 2, 16384 bytes)
[    0.016007] Mountpoint-cache hash table entries: 2048 (order: 2, 16384 bytes)
[    0.017613] Last level iTLB entries: 4KB 64, 2MB 8, 4MB 8
[    0.018590] Last level dTLB entries: 4KB 64, 2MB 0, 4MB 0, 1GB 4
[    0.020004] Spectre V1 : Mitigation: usercopy/swapgs barriers and __user pointer sanitization
[    0.021710] Spectre V2 : Mitigation: Full generic retpoline
[    0.023071] Spectre V2 : Spectre v2 / SpectreRSB mitigation: Filling RSB on context switch
[    0.024006] Speculative Store Bypass: Vulnerable
[    0.024937] SRBDS: Unknown: Dependent on hypervisor status
[    0.028002] MDS: Mitigation: Clear CPU buffers
[    0.028950] Freeing SMP alternatives memory: 36K
[    0.140080] smpboot: CPU0: Intel(R) Core(TM) i9-9880H CPU @ 2.30GHz (family: 0x6, model: 0x9e, stepping: 0xd)
[    0.141998] Performance Events: unsupported p6 CPU model 158 no PMU driver, software events only.
[    0.143950] Hierarchical SRCU implementation.
[    0.144640] NMI watchdog: Perf event create on CPU 0 failed with -2
[    0.146002] NMI watchdog: Perf NMI watchdog permanently disabled
[    0.147168] smp: Bringing up secondary CPUs ...
[    0.148139] x86: Booting SMP configuration:
[    0.148944] .... node  #0, CPUs:      #1
[    0.004000] kvm-clock: cpu 1, msr 0:3ff44041, secondary cpu clock
[    0.152022] smp: Brought up 1 node, 2 CPUs
[    0.152780] smpboot: Max logical packages: 1
[    0.153738] smpboot: Total of 2 processors activated (9216.00 BogoMIPS)
[    0.156117] devtmpfs: initialized
[    0.156689] x86/mm: Memory block size: 128MB
[    0.157627] evm: security.selinux
[    0.158261] evm: security.SMACK64
[    0.158884] evm: security.SMACK64EXEC
[    0.160003] evm: security.SMACK64TRANSMUTE
[    0.160756] evm: security.SMACK64MMAP
[    0.161454] evm: security.apparmor
[    0.162091] evm: security.ima
[    0.162659] evm: security.capability
[    0.164035] clocksource: jiffies: mask: 0xffffffff max_cycles: 0xffffffff, max_idle_ns: 7645041785100000 ns
[    0.166086] futex hash table entries: 512 (order: 3, 32768 bytes)
[    0.168000] pinctrl core: initialized pinctrl subsystem
[    0.168095] RTC time: 19:07:13, date: 11/25/20
[    0.169020] NET: Registered protocol family 16
[    0.169922] audit: initializing netlink subsys (disabled)
[    0.172030] audit: type=2000 audit(1606331238.516:1): state=initialized audit_enabled=0 res=1
[    0.172105] cpuidle: using governor ladder
[    0.172980] cpuidle: using governor menu
[    0.176059] ACPI: bus type PCI registered
[    0.177045] acpiphp: ACPI Hot Plug PCI Controller Driver version: 0.5
[    0.178443] PCI: Using configuration type 1 for base access
[    0.180796] HugeTLB registered 2.00 MiB page size, pre-allocated 0 pages
[    0.181242] ACPI: Added _OSI(Module Device)
[    0.181242] ACPI: Added _OSI(Processor Device)
[    0.181648] ACPI: Added _OSI(3.0 _SCP Extensions)
[    0.184007] ACPI: Added _OSI(Processor Aggregator Device)
[    0.185087] ACPI: Added _OSI(Linux-Dell-Video)
[    0.185892] ACPI: Added _OSI(Linux-Lenovo-NV-HDMI-Audio)
[    0.186837] ACPI: Added _OSI(Linux-HPI-Hybrid-Graphics)
[    0.188391] ACPI: Executed 1 blocks of module-level executable AML code
[    0.193085] ACPI: Interpreter enabled
[    0.193814] ACPI: (supports S0 S5)
[    0.194479] ACPI: Using IOAPIC for interrupt routing
[    0.195620] PCI: Using host bridge windows from ACPI; if necessary, use "pci=nocrs" and report a bug
[    0.196180] ACPI: Enabled 2 GPEs in block 00 to 07
[    0.204048] ACPI: PCI Root Bridge [PCI0] (domain 0000 [bus 00-ff])
[    0.205176] acpi PNP0A03:00: _OSC: OS supports [ASPM ClockPM Segments MSI]
[    0.207235] acpi PNP0A03:00: _OSC: not requesting OS control; OS requires [ExtendedConfig ASPM ClockPM MSI]
[    0.208013] acpi PNP0A03:00: fail to add MMCONFIG information, can't access extended PCI configuration space under this bridge.
[    0.210484] PCI host bridge to bus 0000:00
[    0.212003] pci_bus 0000:00: root bus resource [io  0x0000-0x0cf7 window]
[    0.213195] pci_bus 0000:00: root bus resource [io  0x0d00-0xffff window]
[    0.214472] pci_bus 0000:00: root bus resource [mem 0x000a0000-0x000bffff window]
[    0.215815] pci_bus 0000:00: root bus resource [mem 0x40000000-0xfdffffff window]
[    0.216002] pci_bus 0000:00: root bus resource [bus 00-ff]
[    0.220880] pci 0000:00:01.1: legacy IDE quirk: reg 0x10: [io  0x01f0-0x01f7]
[    0.222530] pci 0000:00:01.1: legacy IDE quirk: reg 0x14: [io  0x03f6]
[    0.224007] pci 0000:00:01.1: legacy IDE quirk: reg 0x18: [io  0x0170-0x0177]
[    0.225847] pci 0000:00:01.1: legacy IDE quirk: reg 0x1c: [io  0x0376]
[    0.240175] pci 0000:00:07.0: quirk: [io  0x4000-0x403f] claimed by PIIX4 ACPI
[    0.241546] pci 0000:00:07.0: quirk: [io  0x4100-0x410f] claimed by PIIX4 SMB
[    0.247785] ACPI: PCI Interrupt Link [LNKA] (IRQs 5 9 10 *11)
[    0.248296] ACPI: PCI Interrupt Link [LNKB] (IRQs 5 9 *10 11)
[    0.249474] ACPI: PCI Interrupt Link [LNKC] (IRQs 5 *9 10 11)
[    0.252143] ACPI: PCI Interrupt Link [LNKD] (IRQs 5 9 10 *11)
[    0.253557] SCSI subsystem initialized
[    0.254830] pci 0000:00:02.0: vgaarb: setting as boot VGA device
[    0.254830] pci 0000:00:02.0: vgaarb: VGA device added: decodes=io+mem,owns=io+mem,locks=none
[    0.256011] pci 0000:00:02.0: vgaarb: bridge control possible
[    0.257053] vgaarb: loaded
[    0.257624] ACPI: bus type USB registered
[    0.260044] usbcore: registered new interface driver usbfs
[    0.261048] usbcore: registered new interface driver hub
[    0.262054] usbcore: registered new device driver usb
[    0.263030] EDAC MC: Ver: 3.0.0
[    0.264040] PCI: Using ACPI for IRQ routing
[    0.265142] NetLabel: Initializing
[    0.265826] NetLabel:  domain hash size = 128
[    0.266631] NetLabel:  protocols = UNLABELED CIPSOv4 CALIPSO
[    0.267712] NetLabel:  unlabeled traffic allowed by default
[    0.268067] clocksource: Switched to clocksource kvm-clock
[    0.282785] VFS: Disk quotas dquot_6.6.0
[    0.283778] VFS: Dquot-cache hash table entries: 512 (order 0, 4096 bytes)
[    0.285140] AppArmor: AppArmor Filesystem Enabled
[    0.286163] pnp: PnP ACPI init
[    0.288397] pnp: PnP ACPI: found 3 devices
[    0.298051] clocksource: acpi_pm: mask: 0xffffff max_cycles: 0xffffff, max_idle_ns: 2085701024 ns
[    0.299982] NET: Registered protocol family 2
[    0.301004] TCP established hash table entries: 8192 (order: 4, 65536 bytes)
[    0.302525] TCP bind hash table entries: 8192 (order: 5, 131072 bytes)
[    0.304821] TCP: Hash tables configured (established 8192 bind 8192)
[    0.306602] UDP hash table entries: 512 (order: 2, 16384 bytes)
[    0.307675] UDP-Lite hash table entries: 512 (order: 2, 16384 bytes)
[    0.309304] NET: Registered protocol family 1
[    0.310144] pci 0000:00:00.0: Limiting direct PCI/PCI transfers
[    0.311248] pci 0000:00:01.0: Activating ISA DMA hang workarounds
[    0.312584] pci 0000:00:02.0: Video device with shadowed ROM at [mem 0x000c0000-0x000dffff]
[    0.314259] Unpacking initramfs...
[    0.606018] Freeing initrd memory: 19216K
[    0.606845] clocksource: tsc: mask: 0xffffffffffffffff max_cycles: 0x2135f7c97c8, max_idle_ns: 440795273205 ns
[    0.608748] platform rtc_cmos: registered platform RTC device (no PNP device found)
[    0.610157] Scanning for low memory corruption every 60 seconds
[    0.611848] Initialise system trusted keyrings
[    0.612726] Key type blacklist registered
[    0.613531] workingset: timestamp_bits=36 max_order=18 bucket_order=0
[    0.615460] zbud: loaded
[    0.616705] squashfs: version 4.0 (2009/01/31) Phillip Lougher
[    0.618062] fuse init (API version 7.26)
[    0.625205] Key type asymmetric registered
[    0.625993] Asymmetric key parser 'x509' registered
[    0.626918] Block layer SCSI generic (bsg) driver version 0.4 loaded (major 246)
[    0.628448] io scheduler noop registered
[    0.629205] io scheduler deadline registered
[    0.630049] io scheduler cfq registered (default)
[    0.631358] ACPI: AC Adapter [AC] (on-line)
[    0.632205] input: Power Button as /devices/LNXSYSTM:00/LNXPWRBN:00/input/input0
[    0.633667] ACPI: Power Button [PWRF]
[    0.634425] input: Sleep Button as /devices/LNXSYSTM:00/LNXSLPBN:00/input/input1
[    0.635771] ACPI: Sleep Button [SLPF]
[    0.637695] ACPI: Battery Slot [BAT0] (battery present)
[    0.638787] Serial: 8250/16550 driver, 32 ports, IRQ sharing enabled
[    0.660980] 00:02: ttyS0 at I/O 0x3f8 (irq = 4, base_baud = 115200) is a 16550A
[    0.666472] Linux agpgart interface v0.103
[    0.668878] loop: module loaded
[    0.669925] scsi host0: ata_piix
[    0.670756] scsi host1: ata_piix
[    0.671447] ata1: PATA max UDMA/33 cmd 0x1f0 ctl 0x3f6 bmdma 0xd000 irq 14
[    0.672717] ata2: PATA max UDMA/33 cmd 0x170 ctl 0x376 bmdma 0xd008 irq 15
[    0.674070] libphy: Fixed MDIO Bus: probed
[    0.674838] tun: Universal TUN/TAP device driver, 1.6
[    0.675885] PPP generic driver version 2.4.2
[    0.676815] ehci_hcd: USB 2.0 'Enhanced' Host Controller (EHCI) Driver
[    0.677984] ehci-pci: EHCI PCI platform driver
[    0.678811] ehci-platform: EHCI generic platform driver
[    0.679775] ohci_hcd: USB 1.1 'Open' Host Controller (OHCI) Driver
[    0.680913] ohci-pci: OHCI PCI platform driver
[    0.681744] ohci-platform: OHCI generic platform driver
[    0.682759] uhci_hcd: USB Universal Host Controller Interface driver
[    0.684044] i8042: PNP: PS/2 Controller [PNP0303:PS2K,PNP0f03:PS2M] at 0x60,0x64 irq 1,12
[    0.686090] serio: i8042 KBD port at 0x60,0x64 irq 1
[    0.687031] serio: i8042 AUX port at 0x60,0x64 irq 12
[    0.688171] mousedev: PS/2 mouse device common for all mice
[    0.689738] input: AT Translated Set 2 keyboard as /devices/platform/i8042/serio0/input/input2
[    0.691525] rtc_cmos rtc_cmos: rtc core: registered rtc_cmos as rtc0
[    0.693272] rtc_cmos rtc_cmos: alarms up to one day, 114 bytes nvram
[    0.694706] i2c /dev entries driver
[    0.695737] device-mapper: uevent: version 1.0.3
[    0.696727] device-mapper: ioctl: 4.37.0-ioctl (2017-09-20) initialised: dm-devel@redhat.com
[    0.698273] ledtrig-cpu: registered to indicate activity on CPUs
[    0.699720] NET: Registered protocol family 10
[    0.704846] Segment Routing with IPv6
[    0.705574] NET: Registered protocol family 17
[    0.706478] Key type dns_resolver registered
[    0.707530] mce: Using 0 MCE banks
[    0.708212] RAS: Correctable Errors collector initialized.
[    0.709225] sched_clock: Marking stable (708191158, 0)->(856329002, -148137844)
[    0.710957] registered taskstats version 1
[    0.711732] Loading compiled-in X.509 certificates
[    0.714595] Loaded X.509 cert 'Build time autogenerated kernel key: e7f49a8350fc58df7a2fc42bf39ecd356db1ebb3'
[    0.716425] zswap: loaded using pool lzo/zbud
[    0.719841] Key type big_key registered
[    0.720604] Key type trusted registered
[    0.722658] Key type encrypted registered
[    0.723583] AppArmor: AppArmor sha1 policy hashing enabled
[    0.725286] ima: No TPM chip found, activating TPM-bypass! (rc=-19)
[    0.726516] ima: Allocated hash algorithm: sha1
[    0.727387] evm: HMAC attrs: 0x1
[    0.728296]   Magic number: 12:989:142
[    0.729080] rtc_cmos rtc_cmos: setting system clock to 2020-11-25 19:07:13 UTC (1606331233)
[    0.730684] BIOS EDD facility v0.16 2004-Jun-25, 0 devices found
[    0.732179] EDD information not available.
[    0.857994] Freeing unused kernel image memory: 2436K
[    1.148117] Write protecting the kernel read-only data: 20480k
[    1.149906] Freeing unused kernel image memory: 2008K
[    1.151200] Freeing unused kernel image memory: 1872K
[    1.159086] x86/mm: Checked W+X mappings: passed, no W+X pages found.
[    1.160270] x86/mm: Checking user space page tables
[    1.168838] x86/mm: Checked W+X mappings: passed, no W+X pages found.
Loading, please wait...
starting version 237
[    1.223773] e1000: Intel(R) PRO/1000 Network Driver - version 7.3.21-k8-NAPI
[    1.225158] e1000: Copyright (c) 1999-2006 Intel Corporation.
[    1.228705] Fusion MPT base driver 3.04.20
[    1.229480] Copyright (c) 1999-2008 LSI Corporation
[    1.233696] Fusion MPT SPI Host driver 3.04.20
[    1.250616] AVX2 version of gcm_enc/dec engaged.
[    1.251679] AES CTR mode by8 optimization enabled
[    1.447797] input: ImExPS/2 Generic Explorer Mouse as /devices/platform/i8042/serio1/input/input4
[    1.660603] e1000 0000:00:03.0 eth0: (PCI:33MHz:32-bit) 02:5e:5f:5b:75:13
[    1.661894] e1000 0000:00:03.0 eth0: Intel(R) PRO/1000 Network Connection
[    1.665014] e1000 0000:00:03.0 enp0s3: renamed from eth0
[    1.666141] mptbase: ioc0: Initiating bringup
[    2.270124] ioc0: LSI53C1030 A0: Capabilities={Initiator}
[    4.353901] scsi host2: ioc0: LSI53C1030 A0, FwRev=00000000h, Ports=1, MaxQ=256, IRQ=20
[    5.664420] scsi 2:0:0:0: Direct-Access     VBOX     HARDDISK         1.0  PQ: 0 ANSI: 5
[    5.781541] scsi target2:0:0: Beginning Domain Validation
[    5.783760] scsi target2:0:0: Domain Validation skipping write tests
[    5.785163] scsi target2:0:0: Ending Domain Validation
[    5.786278] scsi target2:0:0: asynchronous
[    5.787827] scsi 2:0:1:0: Direct-Access     VBOX     HARDDISK         1.0  PQ: 0 ANSI: 5
[    6.575963] scsi target2:0:1: Beginning Domain Validation
[    6.577925] random: fast init done
[    6.578759] scsi target2:0:1: Domain Validation skipping write tests
[    6.579946] scsi target2:0:1: Ending Domain Validation
[    6.581501] scsi target2:0:1: asynchronous
[    6.586065] random: systemd-udevd: uninitialized urandom read (16 bytes read)
[    6.587483] random: systemd-udevd: uninitialized urandom read (16 bytes read)
[    6.588927] random: systemd-udevd: uninitialized urandom read (16 bytes read)
[    6.590754] sd 2:0:0:0: Attached scsi generic sg0 type 0
[    6.592344] sd 2:0:0:0: [sda] 20971520 512-byte logical blocks: (10.7 GB/10.0 GiB)
[    6.593996] sd 2:0:0:0: [sda] Write Protect is off
[    6.594001] sd 2:0:1:0: Attached scsi generic sg1 type 0
[    6.596107] sd 2:0:0:0: [sda] Incomplete mode parameter data
[    6.597147] sd 2:0:0:0: [sda] Assuming drive cache: write through
[    6.598282] sd 2:0:1:0: [sdb] 20480 512-byte logical blocks: (10.5 MB/10.0 MiB)
[    6.599811] sd 2:0:1:0: [sdb] Write Protect is off
[    6.601012] sd 2:0:1:0: [sdb] Incomplete mode parameter data
[    6.602081] sd 2:0:1:0: [sdb] Assuming drive cache: write through
[    6.605223]  sda: sda1
[    6.606326] sd 2:0:0:0: [sda] Attached SCSI disk
[    6.607504] sd 2:0:1:0: [sdb] Attached SCSI disk
Begin: Loading essential drivers ... [    7.992532] raid6: sse2x1   gen() 12071 MB/s
[    8.040077] raid6: sse2x1   xor()  7108 MB/s
[    8.088025] raid6: sse2x2   gen() 14386 MB/s
[    8.136617] raid6: sse2x2   xor()  9505 MB/s
[    8.184140] raid6: sse2x4   gen() 15745 MB/s
[    8.232419] raid6: sse2x4   xor()  9311 MB/s
[    8.280061] raid6: avx2x1   gen() 24478 MB/s
[    8.328103] raid6: avx2x1   xor() 12958 MB/s
[    8.376291] raid6: avx2x2   gen() 27711 MB/s
[    8.424564] raid6: avx2x2   xor() 18255 MB/s
[    8.472240] raid6: avx2x4   gen() 30915 MB/s
[    8.520171] raid6: avx2x4   xor() 17042 MB/s
[    8.521378] raid6: using algorithm avx2x4 gen() 30915 MB/s
[    8.522541] raid6: .... xor() 17042 MB/s, rmw enabled
[    8.523671] raid6: using avx2x2 recovery algorithm
[    8.525969] xor: automatically using best checksumming function   avx       
[    8.528553] async_tx: api initialized (async)
done.
Begin: Running /scripts/init-premount ... done.
Begin: Mounting root file system ... Begin: Running /scripts/local-top ... done.
Begin: Running /scripts/local-premount ... [    8.569492] Btrfs loaded, crc32c=crc32c-intel
Scanning for Btrfs filesystems
done.
Warning: fsck not present, so skipping root file system
[    8.594408] EXT4-fs (sda1): mounted filesystem with ordered data mode. Opts: (null)
done.
Begin: Running /scripts/local-bottom ... done.
Begin: Running /scripts/init-bottom ... done.
[    8.737235] ip_tables: (C) 2000-2006 Netfilter Core Team
[    8.746304] systemd[1]: systemd 237 running in system mode. (+PAM +AUDIT +SELINUX +IMA +APPARMOR +SMACK +SYSVINIT +UTMP +LIBCRYPTSETUP +GCRYPT +GNUTLS +ACL +XZ +LZ4 +SECCOMP +BLKID +ELFUTILS +KMOD -IDN2 +IDN -PCRE2 default-hierarchy=hybrid)
[    8.750564] systemd[1]: Detected virtualization oracle.
[    8.751516] systemd[1]: Detected architecture x86-64.

Welcome to [1mUbuntu 18.04.4 LTS[0m!

[    8.757862] systemd[1]: Set hostname to <ubuntu>.
[    8.763251] systemd[1]: Initializing machine ID from random generator.
[    8.764483] systemd[1]: Installed transient /etc/machine-id file.
[    9.003613] systemd[1]: Reached target System Time Synchronized.
[[0;32m  OK  [0m] Reached target System Time Synchronized.
[    9.006696] systemd[1]: Created slice System Slice.
[[0;32m  OK  [0m] Created slice System Slice.
[    9.009191] systemd[1]: Listening on /dev/initctl Compatibility Named Pipe.
[[0;32m  OK  [0m] Listening on /dev/initctl Compatibility Named Pipe.
[    9.011863] systemd[1]: Listening on Syslog Socket.
[[0;32m  OK  [0m] Listening on Syslog Socket.
[[0;32m  OK  [0m] Listening on Network Service Netlink Socket.
[[0;32m  OK  [0m] Listening on Journal Socket (/dev/log).
[[0;32m  OK  [0m] Listening on Journal Socket.
         Mounting POSIX Message Queue File System...
         Starting Uncomplicated firewall...
         Starting Set the console keyboard layout...
         Mounting Kernel Debug File System...
         Starting Remount Root and Kernel File Systems...
[[0;32m  OK  [0m] Reached target Swap.
[[0;32m  OK  [0m] Started Forward Password Requests to Wall Directory Watch.
         Starting Create list of required st…ce nodes for the current kernel...
[[0;32m  OK  [0m] Listening on LVM2 poll daemon socket.
[[0;32m  OK  [0m] Listening on LVM2 metadata daemon socket.
         Mounting Huge Pages File System...
[[0;32m  OK  [0m] Created slice User and Session Slice.
[[0;32m  OK  [0m] Created slice system-serial\x2dgetty.slice.
[[0;32m  OK  [0m] Listening on Journal Audit Socket.
         Starting Journal Service...
[[0;32m  OK  [0m] Reached target User and Group Name Lookups.
[[0;32m  OK  [0m] Listening on Device-mapper event daemon FIFOs.
         Starting Monitoring of LVM2 mirrors…ng dmeventd or progress polling...
[[0;32m  OK  [0m] Listening on udev Control Socket.
[[0;32m  OK  [0m] Reached target Slices.
[[0;32m  OK  [0m] Set up automount Arbitrary Executab…rmats File System Automount Point.
         Starting Load Kernel Modules...
[[0;32m  OK  [0m] Listening on udev Kernel Socket.
         Starting udev Coldplug all Devices...
[[0;32m  OK  [0m] Mounted POSIX Message Queue File System.
[    9.062530] EXT4-fs (sda1): re-mounted. Opts: (null)
[[0;32m  OK  [0m] Started Uncomplicated firewall.
[[0;32m  OK  [0m] Mounted Kernel Debug File System.
[[0;32m  OK  [0m] Started Remount Root and Kernel File Systems.
[[0;32m  OK  [0m] Started Create list of required sta…vice nodes for the current kernel.
[[0;32m  OK  [0m] Mounted Huge Pages File System.
[[0;32m  OK  [0m] Started LVM2 metadata daemon.
         Starting Create Static Device Nodes in /dev...
         Starting Load/Save Random Seed...
[[0;32m  OK  [0m] Started Journal Service.
[[0;32m  OK  [0m] Started Create Static Device Nodes in /dev.
[[0;32m  OK  [0m] Started Load/Save Random Seed.
         Starting udev Kernel Device Manager...
         Starting Flush Journal to Persistent Storage...
[    9.161474] Loading iSCSI transport class v2.0-870.
[    9.167160] iscsi: registered transport (tcp)
[[0;32m  OK  [0m] Started Monitoring of LVM2 mirrors,…sing dmeventd or progress polling.
[    9.204348] systemd-journald[405]: Received request to flush runtime journal from PID 1
[[0;32m  OK  [0m] Started udev Coldplug all Devices.
[[0;32m  OK  [0m] Started udev Kernel Device Manager.
[    9.250809] iscsi: registered transport (iser)
[[0;32m  OK  [0m] Started Load Kernel Modules.
         Mounting FUSE Control File System...
         Starting Apply Kernel Variables...
         Mounting Kernel Configuration File System...
[[0;32m  OK  [0m] Mounted FUSE Control File System.
[[0;32m  OK  [0m] Mounted Kernel Configuration File System.
[[0;32m  OK  [0m] Started Flush Journal to Persistent Storage.
[[0;32m  OK  [0m] Started Apply Kernel Variables.
[[0;32m  OK  [0m] Found device /dev/ttyS0.
[[0;32m  OK  [0m] Listening on Load/Save RF Kill Switch Status /dev/rfkill Watch.
[[0;32m  OK  [0m] Started Set the console keyboard layout.
[[0;32m  OK  [0m] Reached target Local File Systems (Pre).
[[0;32m  OK  [0m] Reached target Local File Systems.
         Starting AppArmor initialization...
         Starting Set console font and keymap...
         Starting Tell Plymouth To Write Out Runtime Data...
         Starting Commit a transient machine-id on disk...
         Starting ebtables ruleset management...
         Starting Create Volatile Files and Directories...
[[0;32m  OK  [0m] Started Dispatch Password Requests to Console Directory Watch.
[[0;32m  OK  [0m] Reached target Local Encrypted Volumes.
[[0;32m  OK  [0m] Started Set console font and keymap.
[[0;32m  OK  [0m] Started Tell Plymouth To Write Out Runtime Data.
[[0;32m  OK  [0m] Started Create Volatile Files and Directories.
         Starting Update UTMP about System Boot/Shutdown...
[[0;32m  OK  [0m] Started Commit a transient machine-id on disk.
[[0;32m  OK  [0m] Started Update UTMP about System Boot/Shutdown.
[[0;32m  OK  [0m] Started ebtables ruleset management.
[[0;32m  OK  [0m] Started AppArmor initialization.
         Starting Load AppArmor profiles managed internally by snapd...
         Starting Initial cloud-init job (pre-networking)...
[[0;32m  OK  [0m] Started Load AppArmor profiles managed internally by snapd.
[   11.622987] cloud-init[671]: Cloud-init v. 19.4-33-gbb4131a2-0ubuntu1~18.04.1 running 'init-local' at Wed, 25 Nov 2020 19:07:24 +0000. Up 11.32 seconds.
[[0;32m  OK  [0m] Started Initial cloud-init job (pre-networking).
[[0;32m  OK  [0m] Reached target Network (Pre).
         Starting Network Service...
[[0;32m  OK  [0m] Started Network Service.
         Starting Wait for Network to be Configured...
         Starting Network Name Resolution...
[[0;32m  OK  [0m] Started Network Name Resolution.
[[0;32m  OK  [0m] Reached target Host and Network Name Lookups.
[[0;32m  OK  [0m] Reached target Network.
[[0;32m  OK  [0m] Started Wait for Network to be Configured.
         Starting Initial cloud-init job (metadata service crawler)...
[   13.234551] cloud-init[808]: Cloud-init v. 19.4-33-gbb4131a2-0ubuntu1~18.04.1 running 'init' at Wed, 25 Nov 2020 19:07:25 +0000. Up 13.11 seconds.
[   13.236644] cloud-init[808]: ci-info: ++++++++++++++++++++++++++++++++++++++Net device info++++++++++++++++++++++++++++++++++++++
[   13.238448] cloud-init[808]: ci-info: +--------+------+----------------------------+---------------+--------+-------------------+
[   13.240202] cloud-init[808]: ci-info: | Device |  Up  |          Address           |      Mask     | Scope  |     Hw-Address    |
[   13.241981] cloud-init[808]: ci-info: +--------+------+----------------------------+---------------+--------+-------------------+
[   13.243935] cloud-init[808]: ci-info: | enp0s3 | True |         10.0.2.15          | 255.255.255.0 | global | 02:5e:5f:5b:75:13 |
[   13.245705] cloud-init[808]: ci-info: | enp0s3 | True | fe80::5e:5fff:fe5b:7513/64 |       .       |  link  | 02:5e:5f:5b:75:13 |
[   13.256263] cloud-init[808]: ci-info: |   lo   | True |         127.0.0.1          |   255.0.0.0   |  host  |         .         |
[   13.258042] cloud-init[808]: ci-info: |   lo   | True |          ::1/128           |       .       |  host  |         .         |
[   13.260199] cloud-init[808]: ci-info: +--------+------+----------------------------+---------------+--------+-------------------+
[   13.262457] cloud-init[808]: ci-info: ++++++++++++++++++++++++++++Route IPv4 info+++++++++++++++++++++++++++++
[   13.265298] cloud-init[808]: ci-info: +-------+-------------+----------+-----------------+-----------+-------+
[   13.266823] cloud-init[808]: ci-info: | Route | Destination | Gateway  |     Genmask     | Interface | Flags |
[   13.268429] cloud-init[808]: ci-info: +-------+-------------+----------+-----------------+-----------+-------+
[   13.269961] cloud-init[808]: ci-info: |   0   |   0.0.0.0   | 10.0.2.2 |     0.0.0.0     |   enp0s3  |   UG  |
[   13.271491] cloud-init[808]: ci-info: |   1   |   10.0.2.0  | 0.0.0.0  |  255.255.255.0  |   enp0s3  |   U   |
[   13.273006] cloud-init[808]: ci-info: |   2   |   10.0.2.2  | 0.0.0.0  | 255.255.255.255 |   enp0s3  |   UH  |
[   13.274544] cloud-init[808]: ci-info: +-------+-------------+----------+-----------------+-----------+-------+
[   13.275689] cloud-init[808]: ci-info: +++++++++++++++++++Route IPv6 info+++++++++++++++++++
[   13.276821] cloud-init[808]: ci-info: +-------+-------------+---------+-----------+-------+
[   13.278116] cloud-init[808]: ci-info: | Route | Destination | Gateway | Interface | Flags |
[   13.279362] cloud-init[808]: ci-info: +-------+-------------+---------+-----------+-------+
[   13.280541] cloud-init[808]: ci-info: |   1   |  fe80::/64  |    ::   |   enp0s3  |   U   |
[   13.283229] cloud-init[808]: ci-info: |   3   |    local    |    ::   |   enp0s3  |   U   |
[   13.296240] cloud-init[808]: ci-info: |   4   |   ff00::/8  |    ::   |   enp0s3  |   U   |
[   13.297586] cloud-init[808]: ci-info: +-------+-------------+---------+-----------+-------+
[   13.897020] cloud-init[808]: Generating public/private rsa key pair.
[   13.898134] cloud-init[808]: Your identification has been saved in /etc/ssh/ssh_host_rsa_key.
[   13.899447] cloud-init[808]: Your public key has been saved in /etc/ssh/ssh_host_rsa_key.pub.
[   13.912222] cloud-init[808]: The key fingerprint is:
[   13.913127] cloud-init[808]: SHA256:+mSsGZfdIl3dKIsuubcIiJHS4V8v8IBiprbbAxBRNSM root@ubuntu-bionic
[   13.914932] cloud-init[808]: The key's randomart image is:
[   13.916048] cloud-init[808]: +---[RSA 2048]----+
[   13.928269] cloud-init[808]: |.oE.+            |
[   13.929225] cloud-init[808]: |.  . o           |
[   13.930144] cloud-init[808]: | ..              |
[   13.931024] cloud-init[808]: |.o +         . o |
[   13.931787] cloud-init[808]: |+o* o . S   o o .|
[   13.932671] cloud-init[808]: |++ + * + + + o   |
[   13.933568] cloud-init[808]: |..o o * O.= o    |
[   13.934372] cloud-init[808]: |. o.   @o+..     |
[   13.935130] cloud-init[808]: | o... o ++o.     |
[   13.935887] cloud-init[808]: +----[SHA256]-----+
[   13.936646] cloud-init[808]: Generating public/private dsa key pair.
[   13.937730] cloud-init[808]: Your identification has been saved in /etc/ssh/ssh_host_dsa_key.
[   13.939097] cloud-init[808]: Your public key has been saved in /etc/ssh/ssh_host_dsa_key.pub.
[   13.940586] cloud-init[808]: The key fingerprint is:
[   13.952672] cloud-init[808]: SHA256:3Z6t6DxhOb1Eyo9CkS8vIcjEfEjX64mnOO2yiCuBEmk root@ubuntu-bionic
[   13.954398] cloud-init[808]: The key's randomart image is:
[   13.955353] cloud-init[808]: +---[DSA 1024]----+
[   13.955882] cloud-init[808]: |       .         |
[   13.955933] cloud-init[808]: |    . . .        |
[   13.956529] cloud-init[808]: | . + o   o       |
[   13.957095] cloud-init[808]: |oE  = . +. ..    |
[   13.957653] cloud-init[808]: |o. o o oS=.=.    |
[   13.958224] cloud-init[808]: |+   o o B O.oo   |
[   13.958845] cloud-init[808]: |..   o = = *o..  |
[   13.959412] cloud-init[808]: |.. .+ o o.+.o.   |
[   13.959986] cloud-init[808]: |+.. .=.  ++..    |
[   13.960575] cloud-init[808]: +----[SHA256]-----+
[   13.961139] cloud-init[808]: Generating public/private ecdsa key pair.
[   13.961715] cloud-init[808]: Your identification has been saved in /etc/ssh/ssh_host_ecdsa_key.
[   13.962283] cloud-init[808]: Your public key has been saved in /etc/ssh/ssh_host_ecdsa_key.pub.
[   13.962880] cloud-init[808]: The key fingerprint is:
[   13.963551] cloud-init[808]: SHA256:/3cyO2N7Eygr6PdULV3DMNlWuBLDPE03OVyaGuJYhiI root@ubuntu-bionic
[   13.963666] cloud-init[808]: The key's randomart image is:
[   13.963697] cloud-init[808]: +---[ECDSA 256]---+
[   13.963730] cloud-init[808]: |           o ==oB|
[   13.963769] cloud-init[808]: |         .  *.*X.|
[   13.963797] cloud-init[808]: |    E . . + .+++o|
[   13.963848] cloud-init[808]: |     . . = ..o+ o|
[   13.963879] cloud-init[808]: |        S . .+.o |
[   13.964501] cloud-init[808]: |         . ..... |
[   13.965083] cloud-init[808]: |        . ..o   .|
[   13.965387] cloud-init[808]: |       . o.o  B.o|
[   13.966232] cloud-init[808]: |      ... o..ooX.|
[   13.966857] cloud-init[808]: +----[SHA256]-----+
[   13.967426] cloud-init[808]: Generating public/private ed25519 key pair.
[   13.967528] cloud-init[808]: Your identification has been saved in /etc/ssh/ssh_host_ed25519_key.
[   13.967560] cloud-init[808]: Your public key has been saved in /etc/ssh/ssh_host_ed25519_key.pub.
[[0;32m  OK  [0m] Started Initial cloud-init job (metadata service crawler).
[   13.967613] cloud-init[808]: The key fingerprint is:
[   13.979983] cloud-init[808]: SHA256:3yjBWgz71CRnrroxAupEPCm6TLpWKBLrQE1bmqXomGM root@ubuntu-bionic
[[   13.981177] cloud-init[808]: The key's randomart image is:
[   13.981244] cloud-init[808]: +--[ED25519 256]--+
[   13.981837] cloud-init[808]: |                 |
[0;32m  OK  [0m] Reached target System Initialization.
[   13.982228] cloud-init[808]: |   . o           |
[[0;32m  OK  [0m[   13.996312] cloud-init[808]: |  + B . . +      |
[   13.996583] cloud-init[808]: |oo.*   = B       |
] Listening on ACPID Listen Socket.
[   13.997146] cloud-init[808]: |=Oo   . S o      |
[   13.999135] cloud-init[808]: |%E.o   = + o     |
[[   13.999909] cloud-init[808]: |O+. . + + o .    |
[   13.999983] cloud-init[808]: |*+   . + .       |
[   14.000560] cloud-init[808]: |=+    o.         |
[   14.001113] cloud-init[808]: +----[SHA256]-----+
[0;32m  OK  [0m] Started Message of the Day.
[[0;32m  OK  [0m] Started ACPI Events Check.
[[0;32m  OK  [0m] Listening on Open-iSCSI iscsid Socket.
[[0;32m  OK  [0m] Started Daily Cleanup of Temporary Directories.
[[0;32m  OK  [0m] Started Discard unused blocks once a week.
         Starting LXD - unix socket.
[[0;32m  OK  [0m] Started Daily apt download activities.
[[0;32m  OK  [0m] Started Daily apt upgrade and clean activities.
[[0;32m  OK  [0m] Reached target Timers.
         Starting Socket activation for snappy daemon.
[[0;32m  OK  [0m] Listening on UUID daemon activation socket.
[[0;32m  OK  [0m] Reached target Paths.
[[0;32m  OK  [0m] Listening on D-Bus System Message Bus Socket.
[[0;32m  OK  [0m] Reached target Network is Online.
[[0;32m  OK  [0m] Reached target Remote File Systems (Pre).
[[0;32m  OK  [0m] Reached target Remote File Systems.
         Starting Availability of block devices...
[[0;32m  OK  [0m] Reached target Cloud-config availability.
[[0;32m  OK  [0m] Listening on LXD - unix socket.
[[0;32m  OK  [0m] Listening on Socket activation for snappy daemon.
[[0;32m  OK  [0m] Reached target Sockets.
[[0;32m  OK  [0m] Reached target Basic System.
         Starting LSB: automatic crash report generation...
         Starting LSB: Record successful boot for GRUB...
         Starting Virtualbox guest utils...
         Starting Accounts Service...
         Starting System Logging Service...
         Starting Dispatcher daemon for systemd-networkd...
         Starting Pollinate to seed the pseudo random number generator...
         Starting Snap Daemon...
[[0;32m  OK  [0m] Started D-Bus System Message Bus.
[[0;32m  OK  [0m] Started Deferred execution scheduler.
         Starting LXD - container startup/shutdown...
[[0;32m  OK  [0m] Started irqbalance daemon.
         Starting Permit User Sessions...
         Starting Login Service...
[[0;32m  OK  [0m] Started FUSE filesystem for LXC.
[[0;32m  OK  [0m] Started Regular background program processing daemon.
[[0;32m  OK  [0m] Started System Logging Service.
[[0;32m  OK  [0m] Started Availability of block devices.
[[0;32m  OK  [0m] Started Permit User Sessions.
[[0;32m  OK  [0m] Started Login Service.
[[0;32m  OK  [0m] Started Unattended Upgrades Shutdown.
         Starting Authorization Manager...
         Starting Terminate Plymouth Boot Screen...
         Starting Hold until boot process finishes up...
[[0;32m  OK  [0m] Started Hold until boot process finishes up.
[[0;32m  OK  [0m] Started Serial Getty on ttyS0.
         Starting Set console scheme...
[[0;32m  OK  [0m] Started Terminate Plymouth Boot Screen.
[[0;32m  OK  [0m] Started Authorization Manager.
[[0;32m  OK  [0m] Started Accounts Service.
[[0;32m  OK  [0m] Started Set console scheme.
[[0;32m  OK  [0m] Created slice system-getty.slice.
[[0;32m  OK  [0m] Started Getty on tty1.
[[0;32m  OK  [0m] Reached target Login Prompts.
[[0;32m  OK  [0m] Started LSB: automatic crash report generation.
[[0;32m  OK  [0m] Started LSB: Record successful boot for GRUB.
[[0;32m  OK  [0m] Started Virtualbox guest utils.
[[0;32m  OK  [0m] Started Dispatcher daemon for systemd-networkd.
[[0;32m  OK  [0m] Started LXD - container startup/shutdown.
[[0;32m  OK  [0m] Started Snap Daemon.
         Starting Wait until snapd is fully seeded...
[[0;32m  OK  [0m] Started Wait until snapd is fully seeded.
         Starting Apply the settings specified in cloud-config...
[[0;32m  OK  [0m] Started Pollinate to seed the pseudo random number generator.
         Starting OpenBSD Secure Shell server...
[[0;32m  OK  [0m] Started OpenBSD Secure Shell server.
[[0;32m  OK  [0m] Reached target Multi-User System.
[[0;32m  OK  [0m] Reached target Graphical Interface.
         Starting Update UTMP about System Runlevel Changes...
[[0;32m  OK  [0m] Started Update UTMP about System Runlevel Changes.
[   16.246142] cloud-init[1315]: Cloud-init v. 19.4-33-gbb4131a2-0ubuntu1~18.04.1 running 'modules:config' at Wed, 25 Nov 2020 19:07:28 +0000. Up 15.88 seconds.
[[0;32m  OK  [0m] Started Apply the settings specified in cloud-config.
         Starting Execute cloud user/final scripts...
[[0;32m  OK  [0m] Created slice User Slice of vagrant.
         Starting User Manager for UID 1000...
[[0;32m  OK  [0m] Started Session 1 of user vagrant.
[[0;32m  OK  [0m] Started User Manager for UID 1000.
ci-info: no authorized SSH keys fingerprints found for user ubuntu.
<14>Nov 25 19:07:29 ec2: 
<14>Nov 25 19:07:29 ec2: #############################################################
<14>Nov 25 19:07:29 ec2: -----BEGIN SSH HOST KEY FINGERPRINTS-----
<14>Nov 25 19:07:29 ec2: 1024 SHA256:3Z6t6DxhOb1Eyo9CkS8vIcjEfEjX64mnOO2yiCuBEmk root@ubuntu-bionic (DSA)
<14>Nov 25 19:07:29 ec2: 256 SHA256:/3cyO2N7Eygr6PdULV3DMNlWuBLDPE03OVyaGuJYhiI root@ubuntu-bionic (ECDSA)
<14>Nov 25 19:07:29 ec2: 256 SHA256:3yjBWgz71CRnrroxAupEPCm6TLpWKBLrQE1bmqXomGM root@ubuntu-bionic (ED25519)
<14>Nov 25 19:07:29 ec2: 2048 SHA256:+mSsGZfdIl3dKIsuubcIiJHS4V8v8IBiprbbAxBRNSM root@ubuntu-bionic (RSA)
<14>Nov 25 19:07:29 ec2: -----END SSH HOST KEY FINGERPRINTS-----
<14>Nov 25 19:07:29 ec2: #############################################################
-----BEGIN SSH HOST KEY KEYS-----
ecdsa-sha2-nistp256 AAAAE2VjZHNhLXNoYTItbmlzdHAyNTYAAAAIbmlzdHAyNTYAAABBBDYJ119E1OY/RdBwI3nSYBlmhcLkgPCB+D4uxBTcqYKfbCApMlBkYFdb9z04yqhalG+d2iNLhpqRjX8jA3PJGxw= root@ubuntu-bionic
ssh-ed25519 AAAAC3NzaC1lZDI1NTE5AAAAIDFugTzNICVECtUHaoqyTRv6xUzXXIaglAuCosAyTEG6 root@ubuntu-bionic
ssh-rsa AAAAB3NzaC1yc2EAAAADAQABAAABAQDAr1SnIkOTNr0vGAgVgaGvTsJbpNJFHiVIDOpLV09NGWE8/U9I8hs2jumNzldAFuOCqc8ko4BtSslulslrWMMVseNMGZQlaUKib5JMl5ElMEXt8Gu+2+2Naph8YxRsVH8zsQ1xe8zc6cNUU9UJxE08h9JK4wz40/4umDhndPDYcOPhXNiJDzqqgI2fWdE7SZnGMHdaAgyipWjkf7j+c6ZUxps5Fd46OCtXWf+K5uIOauk1+fkLt1vlQYQgE4mXZYfDDVlsQpR/XCPOcVPF5PShXf9eIYvqaarFDeSQQfKbOjlW3NhgHKX8aNwdZQK7hrt7/SKSzNouMXcrFNcwpsxj root@ubuntu-bionic
-----END SSH HOST KEY KEYS-----
[   16.844753] cloud-init[1421]: Cloud-init v. 19.4-33-gbb4131a2-0ubuntu1~18.04.1 running 'modules:final' at Wed, 25 Nov 2020 19:07:29 +0000. Up 16.65 seconds.
[   16.860172] cloud-init[1421]: ci-info: no authorized SSH keys fingerprints found for user ubuntu.
[   16.861554] cloud-init[1421]: Cloud-init v. 19.4-33-gbb4131a2-0ubuntu1~18.04.1 finished at Wed, 25 Nov 2020 19:07:29 +0000. Datasource DataSourceNoCloud [seed=/dev/sdb][dsmode=net].  Up 16.83 seconds
[[0;32m  OK  [0m] Started Execute cloud user/final scripts.
[[0;32m  OK  [0m] Reached target Cloud-init target.

Ubuntu 18.04.4 LTS ubuntu-bionic ttyS0

ubuntu-bionic login:          Stopping User Manager for UID 1000...
         Stopping Availability of block devices...
[[0;32m  OK  [0m] Stopped target Graphical Interface.
         Unmounting /vagrant...
[[0;32m  OK  [0m] Stopped target Host and Network Name Lookups.
         Stopping Session 5 of user vagrant.
[[0;32m  OK  [0m] Stopped target Cloud-init target.
[[0;32m  OK  [0m] Stopped Execute cloud user/final scripts.
[[0;32m  OK  [0m] Stopped target Multi-User System.
         Stopping System Logging Service...
         Stopping LSB: automatic crash report generation...
[[0;32m  OK  [0m] Stopped Apply the settings specified in cloud-config.
[[0;32m  OK  [0m] Stopped target Network is Online.
         Stopping OpenBSD Secure Shell server...
[[0;32m  OK  [0m] Stopped target Cloud-config availability.
         Stopping Regular background program processing daemon...
         Stopping D-Bus System Message Bus...
         Stopping irqbalance daemon...
[[0;32m  OK  [0m] Stopped target Timers.
[[0;32m  OK  [0m] Stopped Discard unused blocks once a week.
[[0;32m  OK  [0m] Stopped Daily Cleanup of Temporary Directories.
         Stopping Dispatcher daemon for systemd-networkd...
[[0;32m  OK  [0m] Stopped target Login Prompts.
         Stopping Getty on tty1...
         Stopping Serial Getty on ttyS0...
         Stopping Deferred execution scheduler...
         Stopping BIND Domain Name Server...
         Stopping Session 7 of user vagrant.
[[0;32m  OK  [0m] Stopped Wait until snapd is          Stopping LSB: Record successful boot for GRUB...
[[0;32m  OK  [0m] Stopped Message of the Day.
[[0;32m  OK  [0m] Stopped Daily apt upgrade and clean activities.
[[0;32m  OK  [0m] Stopped Daily apt download activities.
[[0;32m  OK  [0m] Stopped target System Time Synchronized.
         Stopping LXD - container startup/shutdown...
         Stopping Authorization Manager...
[[0;32m  OK  [0m] Closed Load/Save RF Kill Switch Status /dev/rfkill Watch.
         Stopping Virtualbox guest utils...
         Stopping FUSE filesystem for LXC...
         Stopping Accounts Service...
[[0;32m  OK  [0m] Stopped System Logging Service.
[[0;32m  OK  [0m] Unmounted /var/lib/lxcfs.
[[0;32m  OK  [0m] Stopped Dispatcher daemon for systemd-networkd.
[[0;32m  OK  [0m] Stopped Deferred execution scheduler.
[[0;32m  OK  [0m] Stopped irqbalance daemon.
[[0;32m  OK  [0m] Stopped Accounts Service.
[[0;32m  OK  [0m] Stopped Regular background program processing daemon.
[[0;32m  OK  [0m] Stopped Authorization Manager.
[[0;32m  OK  [0m] Stopped Serial Getty on ttyS0.
[[0;32m  OK  [0m] Stopped Getty on tty1.
[[0;32m  OK  [0m] Stopped OpenBSD Secure Shell server.
[[0;32m  OK  [0m] Stopped User Manager for UID 1000.
[[0;32m  OK  [0m] Stopped Availability of block devices.
[[0;32m  OK  [0m] Unmounted /vagrant.
[[0;32m  OK  [0m] Stopped D-Bus System Message Bus.
[[0;32m  OK  [0m] Stopped FUSE filesystem for LXC.
[[0;32m  OK  [0m] Stopped Session 7 of user vagrant.
[[0;32m  OK  [0m] Stopped Session 5 of user vagrant.
[[0;32m  OK  [0m] Removed slice User Slice of vagrant.
         Stopping Login Service...
[[0;32m  OK  [0m] Removed slice system-getty.slice.
[[0;32m  OK  [0m] Removed slice system-serial\x2dgetty.slice.
         Stopping Permit User Sessions...
[[0;32m  OK  [0m] Stopped BIND Domain Name Server.
[[0;32m  OK  [0m] Stopped Permit User Sessions.
[[0;32m  OK  [0m] Stopped target Network.
         Stopping Network Name Resolution...
[[0;32m  OK  [0m] Stopped Network Name Resolution.
[[0;32m  OK  [0m] Stopped LSB: Record successful boot for GRUB.
[[0;32m  OK  [0m] Stopped LXD - container startup/shutdown.
[[0;32m  OK  [0m] Stopped Virtualbox guest utils.
[[0;32m  OK  [0m] Stopped LSB: automatic crash report generation.
[[0;32m  OK  [0m] Stopped target Remote File Systems.
[[0;32m  OK  [0m] Stopped target Remote File Systems (Pre).
[[0;32m  OK  [0m] Stopped Login Service.
[[0;32m  OK  [0m] Stopped target Basic System.
[[0;32m  OK  [0m] Stopped target Slices.
[[0;32m  OK  [0m] Stopped target Paths.
[[0;32m  OK  [0m] Stopped ACPI Events Check.
[[0;32m  OK  [0m] Stopped target Sockets.
[[0;32m  OK  [0m] Closed ACPID Listen Socket.
[[0;32m  OK  [0m] Closed LXD - unix socket.
[[0;32m  OK  [0m] Closed Open-iSCSI iscsid Socket.
[[0;32m  OK  [0m] Closed Syslog Socket.
[[0;32m  OK  [0m] Closed Socket activation for snappy daemon.
[[0;32m  OK  [0m] Closed UUID daemon activation socket.
[[0;32m  OK  [0m] Stopped target User and Group Name Lookups.
[[0;32m  OK  [0m] Removed slice User and Session Slice.
[[0;32m  OK  [0m] Closed D-Bus System Message Bus Socket.
[[0;32m  OK  [0m] Stopped target System Initialization.
[[0;32m  OK  [0m] Stopped Commit a transient machine-id on disk.
         Stopping Update UTMP about System Boot/Shutdown...
         Stopping Load/Save Random Seed...
[[0;32m  OK  [0m] Stopped target Local Encrypted Volumes.
[[0;32m  OK  [0m] Stopped Forward Password Requests to Wall Directory Watch.
[[0;32m  OK  [0m] Stopped Dispatch Password Requests to Console Directory Watch.
[[0;32m  OK  [0m] Stopped Initial cloud-init job (metadata service crawler).
[[0;32m  OK  [0m] Stopped Wait for Network to be Configured.
         Stopping Network Service...
[[0;32m  OK  [0m] Stopped Update UTMP about System Boot/Shutdown.
[[0;32m  OK  [0m] Stopped Create Volatile Files and Directories.
[[0;32m  OK  [0m] Stopped target Local File Systems.
         Unmounting /run/user/1000...
[[0;32m  OK  [0m] Stopped Load/Save Random Seed.
[[0;32m  OK  [0m] Stopped Network Service.
[[0;32m  OK  [0m] Stopped target Network (Pre).
[[0;32m  OK  [0m] Stopped Initial cloud-init job (pre-networking).
[[0;32m  OK  [0m] Stopped Apply Kernel Variables.
[[0;32m  OK  [0m] Stopped Load Kernel Modules.
[[0;32m  OK  [0m] Unmounted /run/user/1000.
[[0;32m  OK  [0m] Reached target Unmount All Filesystems.
[[0;32m  OK  [0m] Stopped target Swap.
[[0;32m  OK  [0m] Stopped target Local File Systems (Pre).
[[0;32m  OK  [0m] Stopped Create Static Device Nodes in /dev.
         Stopping Monitoring of LVM2 mirrors…ng dmeventd or progress polling...
[[0;32m  OK  [0m] Stopped Remount Root and Kernel File Systems.
[[0;32m  OK  [0m] Reached target Shutdown.
[[0;32m  OK  [0m] Reached target Final Step.
         Starting Power-Off...
[[0;32m  OK  [0m] Stopped Monitoring of LVM2 mirrors,…sing dmeventd or progress polling.
         Stopping LVM2 metadata daemon...
[[0;32m  OK  [0m] Stopped LVM2 metadata daemon.
[ 1786.587215] reboot: Power down
